[
a2p
abrt-action-analyze-backtrace
abrt-action-analyze-c
abrt-action-analyze-ccpp-local
abrt-action-analyze-core
abrt-action-analyze-oops
abrt-action-analyze-python
abrt-action-analyze-vmcore
abrt-action-analyze-vulnerability
abrt-action-analyze-xorg
abrt-action-check-oops-for-hw-error
abrt-action-generate-backtrace
abrt-action-generate-core-backtrace
abrt-action-install-debuginfo
abrt-action-list-dsos
abrt-action-notify
abrt-action-perform-ccpp-analysis
abrt-action-save-kernel-data
abrt-action-save-package-data
abrt-action-trim-files
abrt-applet
abrt-cli
abrt-dump-oops
abrt-dump-xorg
abrt-handle-upload
abrt-merge-pstoreoops
abrt-retrace-client
abrt-watch-log
abs2rel
ac
aconnect
addr2line
alias
alsabat
alsa-delay
alsaloop
alsamixer
alsatplg
alsaucm
alsaunmute
amidi
amixer
amuFormat.sh
anaconda-cleanup
anaconda-disable-nm-ibft-plugin
analog
animate
aplay
aplaymidi
applydeltarpm
appstream-compose
appstream-util
apropos
ar
arch
arecord
arecordmidi
aria2c
as
aseqdump
aseqnet
aserver
at
atq
atrm
attr
audit2allow
audit2why
aulast
aulastlog
ausyscall
auvirt
awk
baobab
base64
basename
bash
bashbug
bashbug-64
batch
bc
bccmd
bdftopcf
bdftruncate
bd_info
bdsplice
bg
blkiomon
blkparse
blkrawverify
blktrace
bluemoon
bluetoothctl
bluetooth-sendto
bno_plot.py
bond2team
bootctl
brltty
brltty-config
brltty-ctb
brltty-install
brltty-trtxt
brltty-ttb
btattach
btmon
btrace
btrecord
btreplay
btt
build-classpath
build-classpath-directory
build-jar-repository
bunzip2
busctl
bzcat
bzcmp
bzdiff
bzgrep
bzip2
bzip2recover
bzless
bzmore
c++
c2ph
c89
c99
cairo-sphinx
cal
ca-legacy
calibrate_ppa
canberra-boot
canberra-gtk-play
cancel
cancel.cups
captoinfo
caribou-preferences
cat
catchsegv
catman
cb_console_runner
cb_share_config
cc
cd
cd-create-profile
cdda-player
cddb_query
cd-drive
cd-fix-profile
cd-iccdump
cd-info
cd-it8
cd-paranoia
cd-read
cdrecord
celtdec051
celtenc051
centrino-decode
certmaster-getcert
certtool
certutil
c++filt
cgclassify
cgcreate
cgdelete
cgexec
cgget
cgset
cgsnapshot
chacl
chage
chardetect
charmap
chattr
chcat
chcon
check-binary-files
checkisomd5
checkmodule
checkpolicy
checksctp
cheese
chfn
chgrp
chmod
chown
chronyc
chrt
chsh
chvt
cifscreds
cifsdd
cifsiostat
ciptool
cksum
clean-binary-files
clear
clibrary
clibrary2
clpi_dump
cmp
cmsutil
code
codeblocks
codesnippets
col
colcrt
colormgr
colrm
column
combinedeltarpm
comm
command
compare
composite
compress
conjure
connection_recovery
consolehelper
container-storage-setup
convert
coredumpctl
coverage
coverage2
coverage-2.7
cp
cpio
cpp
cpupower
crash
create-jar-links
createrepo
crlutil
crontab
crywrap
csh
csplit
csslint-0.6
cups-calibrate
cupstestdsc
cupstestppd
curl
cut
cvlc
cvt
danetool
date
db_archive
db_checkpoint
db_deadlock
db_dump
db_dump185
db_hotbackup
dbilogstrip
dbiprof
dbiproxy
db_load
db_log_verify
db_printlog
db_recover
db_replicate
db_stat
db_tuner
db_upgrade
dbus-binding-tool
dbus-cleanup-sockets
dbus-daemon
dbus-launch
dbus-monitor
dbus-send
dbus-uuidgen
db_verify
dbwrap_tool
dc
dconf
dcraw
dd
deallocvt
debuginfo-install
desktop-file-edit
desktop-file-install
desktop-file-validate
detect_ppa
devdump
df
dgawk
dhcpclient
diff
diff3
diff-jars
diffpp
dig
dir
dircolors
dirname
display
dmesg
dnsdomainname
docker
docker-containerd
docker-containerd-ctr
docker-containerd-shim
dockerd
docker-init
docker-proxy
docker-runc
domainname
dracut
drill
du
dumpiso
dumpkeys
dvcont
dvd-ram-control
dvdrecord
dvd+rw-booktype
dvd+rw-format
dvd+rw-mediainfo
dvipdf
dwp
easy_install
easy_install-2.7
echo
ed
edid-decode
egrep
eject
elfedit
empathy
empathy-accounts
empathy-debugger
enchant
enchant-lsmod
enscript
env
envsubst
eog
eps2eps
eqn
escputil
espeak
eu-addr2line
eu-ar
eu-elfcmp
eu-elfcompress
eu-elflint
eu-findtextrel
eu-make-debug-archive
eu-nm
eu-objdump
eu-ranlib
eu-readelf
eu-size
eu-stack
eu-strings
eu-strip
eu-unstrip
evince
evince-previewer
evince-thumbnailer
ex
exempi
expand
expr
factor
fallocate
false
fc
fc-cache
fc-cat
fc-list
fc-match
fc-pattern
fc-query
fc-scan
fc-validate
festival
festival_client
festival_server
festival_server_control
fg
fgconsole
fgrep
file
file-roller
find
find2perl
find-jar
findmnt
find-repos-of-install
findsmb
fipscheck
fipshmac
firefox
firewall-cmd
firewall-config
firewall-offline-cmd
flatpak
flite
flite_time
flock
fmt
fold
font2c
fonttosfnt
FoxitReader
fprintd-delete
fprintd-enroll
fprintd-list
fprintd-verify
free
fribidi
fros
funzip
fusermount
fusermount-glusterfs
fvwm
fvwm2
fvwm-bug
FvwmCommand
fvwm-config
fvwm-convert-2.4
fvwm-convert-2.6
fvwm-menu-desktop
fvwm-menu-directory
fvwm-menu-headlines
fvwm-menu-xlock
fvwm-perllib
fvwm-root
fvwm-xdg-menu
g++
gapplication
gatttool
gawk
gcalccmd
gcc
gcc-ar
gcc-nm
gcc-ranlib
gcm-calibrate
gcm-import
gcm-inspect
gcm-picker
gcm-viewer
gconf-merge-tree
gconftool-2
gcore
gcov
gcr-viewer
gdb
gdb-add-index
gdbus
gdk-pixbuf-query-loaders-64
gdk-pixbuf-thumbnailer
gdmflexiserver
gdm-screenshot
gedit
gegl
gencat
genisoimage
genl-ctrl-list
geoiplookup
geoiplookup6
geoipupdate
geqn
getcert
getcifsacl
getconf
getent
getfacl
getfattr
getkeycodes
getopt
getopts
gettext
gettext.sh
ghostscript
gimp
gimp-2.8
gimp-console
gimp-console-2.8
gio
gio-querymodules-64
gjs
gjs-console
gkbd-keyboard-display
glib-compile-schemas
glxgears
glxinfo
glxinfo64
gmake
gneqn
gnome-abrt
gnome-boxes
gnome-calculator
gnome-character-map
gnome-clocks
gnome-contacts
gnome-control-center
gnome-dictionary
gnome-disk-image-mounter
gnome-disks
gnome-font-viewer
gnome-help
gnome-keyring
gnome-keyring-3
gnome-keyring-daemon
gnome-screenshot
gnome-session
gnome-session-custom-session
gnome-session-inhibit
gnome-session-properties
gnome-session-quit
gnome-session-selector
gnome-shell
gnome-shell-extension-prefs
gnome-shell-extension-tool
gnome-shell-perf-tool
gnome-software
gnome-system-log
gnome-system-monitor
gnome-terminal
gnome-text-editor
gnome-thumbnail-font
gnome-tweak-tool
gnome-weather
gnroff
gnutls-cli
gnutls-cli-debug
gnutls-serv
google-chrome
google-chrome-stable
gpasswd
gpg
gpg2
gpg-agent
gpgconf
gpg-connect-agent
gpg-error
gpgparsemail
gpgsplit
gpgv
gpgv2
gpg-zip
gpic
gpk-application
gpk-log
gpk-prefs
gpk-update-viewer
gprof
gr2fonttest
grep
grilo-test-ui-0.3
grl-inspect-0.3
grl-launch-0.3
groff
grops
grotty
groups
growisofs
grub2-editenv
grub2-file
grub2-fstest
grub2-glue-efi
grub2-kbdcomp
grub2-menulst2cfg
grub2-mkfont
grub2-mkimage
grub2-mklayout
grub2-mknetdir
grub2-mkpasswd-pbkdf2
grub2-mkrelpath
grub2-mkrescue
grub2-mkstandalone
grub2-render-label
grub2-script-check
grub2-syslinux2cfg
gs
gsbj
gsdj
gsdj500
gsettings
gsettings-data-convert
gsf-office-thumbnailer
gslj
gslp
gsnd
gsoelim
gsound-play
gstack
gst-feedback
gst-feedback-0.10
gst-inspect
gst-inspect-0.10
gst-inspect-1.0
gst-launch
gst-launch-0.10
gst-launch-1.0
gst-stats-1.0
gst-typefind
gst-typefind-0.10
gst-typefind-1.0
gst-xmlinspect
gst-xmlinspect-0.10
gst-xmllaunch
gst-xmllaunch-0.10
gtar
gtbl
gtf
gtk-launch
gtk-query-immodules-2.0-64
gtk-query-immodules-3.0-64
gtk-update-icon-cache
gtroff
gucharmap
gunzip
gupnp-dlna-info-2.0
gupnp-dlna-ls-profiles-2.0
gvfs-cat
gvfs-copy
gvfs-info
gvfs-less
gvfs-ls
gvfs-mime
gvfs-mkdir
gvfs-monitor-dir
gvfs-monitor-file
gvfs-mount
gvfs-move
gvfs-open
gvfs-rename
gvfs-rm
gvfs-save
gvfs-set-attribute
gvfs-trash
gvfs-tree
gzexe
gzip
h2ph
hangul
hciattach
hciconfig
hcidump
hcitool
hdmv_test
hdsploader
head
hesinfo
hex2hcd
hexdump
host
hostid
hostname
hostnamectl
hpcups-update-ppds
hpijs
htop
hunspell
i386
ibus
ibus-daemon
ibus-setup
ibus-table-createdb
iceauth
iconv
id
identify
idiag-socket-details
idn
iecset
igawk
ijsgutenprint.5.2
implantisomd5
import
imsettings-info
imsettings-list
imsettings-reload
imsettings-switch
index_dump
info
infocmp
infokey
infotocap
install
install-printerdriver
instperf
ionice
iostat
ipa
ipa-getcert
ipcalc
ipcmk
ipcrm
ipcs
iptables-xml
iptc
isdv4-serial-inputattach
isodebug
isodump
isoinfo
iso-info
iso-read
isosize
isovfy
itweb-settings.itweb
java
javaws
javaws.itweb
jjs
jobs
join
journalctl
json_reformat
json_verify
jvmjar
k5srvutil
kadmin
kbdinfo
kbd_mode
kbdrate
kdestroy
kdumpctl
kernel-install
keyctl
keytool
kill
killall
kinit
klist
kmod
koi8rxterm
kpasswd
ksflatten
ksshell
ksu
ksvalidator
ksverdiff
kswitch
ktutil
kvno
l2ping
l2test
last
lastb
lastcomm
lastlog
lchfn
lchsh
ld
ld.bfd
ldd
ld.gold
ldns-chaos
ldns-compare-zones
ldnsd
ldns-dane
ldns-dpa
ldns-gen-zone
ldns-key2ds
ldns-keyfetcher
ldns-keygen
ldns-mx
ldns-notify
ldns-nsec3-hash
ldns-read-zone
ldns-resolver
ldns-revoke
ldns-rrsig
ldns-signzone
ldns-test-edns
ldns-testns
ldns-update
ldns-verify-zone
ldns-version
ldns-walk
ldns-zcat
ldns-zsplit
less
lessecho
lesskey
lesspipe.sh
lexgrog
libbluray_test
libieee1284_test
libtar
libwacom-list-local-devices
libwmf-fontmap
link
linux32
linux64
linux-boot-prober
list_titles
liveinst
ln
loadkeys
loadunimap
locale
localectl
localedef
local-getcert
locate
logger
login
loginctl
logname
logview
look
lowntfs-3g
lp
lp.cups
lpoptions
lppasswd
lpq
lpq.cups
lpr
lpr.cups
lprm
lprm.cups
lprsetup.sh
lpstat
lpstat.cups
ls
lsattr
lsblk
lsb_release
lscgroup
lscpu
lsinitrd
lsipc
lslocks
lslogins
lsmcli
lsmd
lsns
lsscsi
lssubsys
lsusb
lsusb.py
lua
luac
lz
lzop
m17n-conv
m4
machinectl
mail
Mail
mailq
mailq.postfix
mailx
make
makedb
makedeltarpm
man
mandb
manpath
mapscrn
map_unit
mattrib
mbadblocks
mbimcli
mbim-network
mcat
mcd
mcheck
mclasserase
mcomp
mcookie
mcopy
mc-tool
mc-wait-for-name
md5sum
mdel
mdeltree
mdir
mdu
mergerepo
mesg
metacity
metacity-message
mformat
mimeopen
mimetype
minfo
mixartloader
mkafmmap
mkdir
mkfifo
mkfontdir
mkfontscale
mkhybrid
mkinitrd
mkisofs
mkmanifest
mknod
mkrfc2734
mktemp
mlabel
mmcli
mmc-tool
mmd
mmount
mmove
mobj_dump
modifyrepo
modutil
mogrify
mokutil
montage
more
mount
mountpoint
mousetweaks
mpartition
mpls_dump
mpris-proxy
mpstat
mrd
mren
msgattrib
msgcat
msgcmp
msgcomm
msgconv
msgen
msgexec
msgfilter
msgfmt
msggrep
msghack
msginit
msgmerge
msgunfmt
msguniq
mshortname
mshowfat
mtools
mtoolstest
mtype
mutter
mv
mvxattr
mxtar
myecho
mzip
nail
namei
nano
nautilus
nautilus-autorun-software
nautilus-desktop
nautilus-sendto
nc
ncat
ndptool
needs-restarting
nenscript
neqn
netaddr
netstat
nettle-hash
nettle-lfib-stream
newaliases
newaliases.postfix
newgrp
nf-ct-add
nf-ct-list
nf-exp-add
nf-exp-delete
nf-exp-list
nf-log
nf-monitor
nf-queue
nfs4_editfacl
nfs4_getfacl
nfs4_setfacl
nfsiostat-sysstat
ngettext
nice
nisdomainname
nl
nl-addr-add
nl-addr-delete
nl-addr-list
nl-class-add
nl-class-delete
nl-classid-lookup
nl-class-list
nl-cls-add
nl-cls-delete
nl-cls-list
nl-fib-lookup
nl-link-enslave
nl-link-ifindex2name
nl-link-list
nl-link-name2ifindex
nl-link-release
nl-link-set
nl-link-stats
nl-list-caches
nl-list-sockets
nl-monitor
nl-neigh-add
nl-neigh-delete
nl-neigh-list
nl-neightbl-list
nl-pktloc-lookup
nl-qdisc-add
nl-qdisc-delete
nl-qdisc-list
nl-route-add
nl-route-delete
nl-route-get
nl-route-list
nl-rule-list
nl-tctree-list
nl-util-addr
nm
nmblookup
nmcli
nm-connection-editor
nm-online
nmtui
nmtui-connect
nmtui-edit
nmtui-hostname
nohup
notify-send
nproc
nroff
nsenter
nslookup
nsupdate
ntfs-3g
ntfs-3g.probe
ntfsmount
ntpstat
numad
numfmt
nvlc
objcopy
objdump
ocsptool
od
oddjob_request
oldfind
oLschema2ldif
on_ac_power
open
openssl
openvt
orbd
orca
orc-bugreport
osinfo-db-export
osinfo-db-import
osinfo-db-path
osinfo-db-validate
osinfo-detect
osinfo-install-script
osinfo-query
os-prober
over
p11-kit
p11tool
pacat
pack200
package-cleanup
pacmd
pactl
padsp
padsp-32
pamon
panelctl
pango-view
paplay
paps
parec
parecord
passwd
paste
pasuspender
patch
pathchk
pax
pax11publish
pbm2ppa
pbmtpg
pchrt
pdf2dsc
pdf2ps
pdfdetach
pdffonts
pdfimages
pdfinfo
pdfseparate
pdftocairo
pdftohtml
pdftoppm
pdftops
pdftotext
pdfunite
peekfd
perl
perl5.16.3
perlbug
perldoc
perlthanks
pf2afm
pfbtopfa
pflags
pgawk
pgrep
pic
piconv
pidstat
pinentry
pinentry-curses
pinentry-gtk
pinentry-gtk-2
pinfo
ping
ping6
pinky
pitchplay
pk12util
pkaction
pkcheck
pkcon
pkcs1-conv
pkexec
pkg-config
pkill
pkla-admin-identities
pkla-check-authorization
pkmon
pkttyagent
pl2pm
play
pldd
plistutil
plymouth
pmap
pm-is-supported
pnm2ppa
pod2html
pod2man
pod2text
pod2usage
policyeditor.itweb
policytool
post-grohtml
powernow-k8-decode
ppdc
ppdhtml
ppdi
ppdmerge
ppdpo
pphs
pr
preconv
pre-grohtml
printafm
printenv
printf
prlimit
prtstat
ps
ps2ascii
ps2epsi
ps2pdf
ps2pdf12
ps2pdf13
ps2pdf14
ps2pdfwr
ps2ps
ps2ps2
psed
psfaddtable
psfgettable
psfstriptable
psfxtable
psktool
pstack
pstree
pstree.x11
pstruct
ptaskset
ptx
pulseaudio
purple-client-example
purple-remote
purple-send
purple-send-async
purple-url-handler
pwd
pwdx
pwmake
pwscore
pydoc
pygtk-demo
pyinotify
python
python2
python2.7
qdbus
qemu-ga
qemu-img
qemu-io
qemu-nbd
qmicli
qmi-network
quota
quotasync
qvlc
radattr
radclient
rad_counter
radcrypt
radeapclient
radlast
radsniff
radsqlrelay
radtest
radwho
radzap
ranlib
raw
rb
rctest
rdate
read
readcd
readelf
readlink
readmult
readom
realpath
rebuild-jar-repository
rec
recode-sr-latin
red
redhat_lsb_init
regdiff
regpatch
regshell
regtree
remote-viewer
rename
renice
repoclosure
repodiff
repo-graph
repomanage
repoquery
repo-rss
report-cli
reporter-bugzilla
reporter-mailx
reporter-mantisbt
reporter-rhtsupport
reporter-upload
reporter-ureport
report-gtk
reposync
repotrack
reset
resize
resizecons
rev
rfcomm
rhino
rlm_ippool_tool
rm
rmail
rmail.postfix
rmdir
rmid
rmiregistry
rnano
rngtest
rpcclient
rpcgen
rpm
rpm2cpio
rpmdb
rpmdumpheader
rpmkeys
rpmquery
rpmverify
rsync
rsyslog-recover-qi.pl
runcon
run-parts
rvi
rview
rvim
rvlc
rx
rxe_cfg
rz
s2p
sadf
samba-regedit
sandbox
sane-find-scanner
sar
satyr
saytime
sb
sbcdec
sbcenc
sbcinfo
scanimage
scl
scl_enabled
scl_source
scp
scp-dbus-service
script
scriptreplay
sctp_darn
sctp_status
sctp_test
sdiff
sdp_long_message
sdp_run_test
sdptool
seahorse
sealert
seapplet
secon
secret-tool
sed
sedismod
sedispol
selfsign-getcert
semodule_package
sendiso
seq
servertool
sessreg
setarch
setcifsacl
setfacl
setfattr
setfont
setkeycodes
setleds
setmetamode
setpriv
setserial
setsid
setterm
setup
setup-nsssysinit
setup-nsssysinit.sh
setvtrgb
setxkbmap
sexp-conv
sftp
sg
sh
sha1sum
sha224sum
sha256sum
sha384sum
sha512sum
sharesec
show-changed-rco
showconsolefont
showimage
show-installed
showkey
showrgb
shred
shuf
signtool
signver
simc_lsmplugin
sim_lsmplugin
size
skill
slabtop
sleep
sliceprint
slogin
smbcacls
smbclient
smbcquotas
smbencrypt
smbget
smbprint
smbspool
smbtar
smbtree
sndfile-resample
snice
soelim
sort
sotruss
sound_dump
soundstretch
sox
soxi
spax
spd-conf
spd-say
spdsend
speaker-test
speech-dispatcher
spice-vdagent
splain
split
sprof
sqlite3
ssh
ssh-add
ssh-agent
ssh-copy-id
ssh-keygen
ssh-keyscan
ssltap
sss_ssh_authorizedkeys
sss_ssh_knownhostsproxy
stapdyn
stap-merge
stap-report
staprun
stapsh
start-pulseaudio-x11
startx
stat
states
stdbuf
strace
strace-log-merge
stream
strings
strip
stty
stunbdc
stund
su
subl
sublime
sudo
sudoedit
sudoreplay
sum
sushi
svlc
sx
sync
synclient
syndaemon
system-config-abrt
system-config-printer
system-config-printer-applet
systemctl
systemd-analyze
systemd-ask-password
systemd-cat
systemd-cgls
systemd-cgtop
systemd-coredumpctl
systemd-delta
systemd-detect-virt
systemd-escape
systemd-firstboot
systemd-hwdb
systemd-inhibit
systemd-loginctl
systemd-machine-id-setup
systemd-notify
systemd-nspawn
systemd-path
systemd-run
systemd-stdio-bridge
systemd-sysv-convert
systemd-tmpfiles
systemd-tty-ask-password-agent
sz
tabs
tac
tail
tailf
tapestat
tar
targetcli
targetctl
taskset
tbl
tcptraceroute
tcsh
teamd
teamdctl
teamnl
tee
telepathy-gabble-xmpp-console
test
testgdbm
testlibraw
test_ppa
text2wave
tgz
tic
time
timedatectl
timeout
tload
tmon
tnameserv
toe
top
totem
totem-audio-preview
totem-video-thumbnailer
touch
tpmtool
tput
tr
tracepath
tracepath6
traceroute
traceroute6
tracker
troff
true
truncate
trust
tset
tsort
ttmkfdir
tty
turbostat
tzselect
ucs2any
udevadm
udisksctl
ul
ulockmgr_server
umask
umount
unalias
uname
uncompress
unexpand
unicode_start
unicode_stop
uniq
unix-lpr.sh
unlink
unpack200
unshare
unxz
unzip
unzipsfx
update-ca-trust
updatedb
update-desktop-database
update-gtk-immodules
update-mime-database
upower
uptime
urlgrabber
usb-devices
usbhid-dump
users
usleep
usx2yloader
utmpdump
uuidgen
uxterm
uz
vdir
verify_blkparse
verifytree
VGAuthService
vi
view
vim
vimdiff
vimtutor
vinagre
virsh
virt-clone
virt-host-validate
virt-install
virt-manager
virt-pki-validate
virt-viewer
virt-xml
virt-xml-validate
vlc
vlc-wrapper
vlock
vmhgfs-fuse
vmmouse_detect
vmstat
vm-support
vmtoolsd
vmware-checkvm
vmware-guestproxycerttool
vmware-hgfsclient
vmware-namespace-cmd
vmware-rpctool
vmware-toolbox-cmd
vmware-user-suid-wrapper
vmware-vgauth-cmd
vmware-vmblock-fuse
vmware-xferlogs
vncconfig
vncpasswd
vncserver
vstp
vxloader
w
wait
wall
watch
watchgnupg
wavpack
wc
wdctl
wftopfa
wget
whatis
whereis
which
whiptail
who
whoami
withsctp
wmctrl
wmf2eps
wmf2fig
wmf2gd
wmf2svg
wmf2x
wnck-urgency-monitor
wodim
write
wvdial
wvdialconf
wvgain
wvunpack
X
x0vncserver
x86_64
x86_64-redhat-linux-c++
x86_64-redhat-linux-g++
x86_64-redhat-linux-gcc
x86_energy_perf_policy
xargs
xauth
xbrlapi
xdg-desktop-icon
xdg-desktop-menu
xdg-email
xdg-icon-resource
xdg-mime
xdg-open
xdg-screensaver
xdg-settings
xdg-user-dir
xdg-user-dirs-gtk-update
xdg-user-dirs-update
xdpyinfo
xdriinfo
xev
xgamma
xgettext
xhost
xinit
xinput
xkbcomp
xkill
xlock
xlsatoms
xlsclients
xlsfonts
xmlcatalog
xmllint
xmlsec1
xmlwf
xmodmap
xmvn-builddep
Xorg
xorg-x11-fonts-update-dirs
xpmroot
xprop
xrandr
xrdb
xrefresh
xset
xsetmode
xsetpointer
xsetroot
xsetwacom
xsltproc
xstdcmap
xterm
xvattr
xvinfo
Xvnc
xwininfo
xxd
xz
xzcat
xzcmp
xzdec
xzdiff
xzegrep
xzfgrep
xzgrep
xzless
xzmore
yelp
yes
ypdomainname
yum
yum-builddep
yum-config-manager
yum-debug-dump
yum-debug-restore
yumdownloader
yum-groups-manager
zcat
zcmp
zdiff
zegrep
zenheiset
zenity
zfgrep
zforce
zgrep
zip
zipcloak
zipdetails
zipgrep
zipinfo
zipnote
zipsplit
zless
zmore
znew
zsoelim
zvbi-atsc-cc
zvbi-chains
zvbi-ntsc-cc
[
a2p
abrt-action-analyze-backtrace
abrt-action-analyze-c
abrt-action-analyze-ccpp-local
abrt-action-analyze-core
abrt-action-analyze-oops
abrt-action-analyze-python
abrt-action-analyze-vmcore
abrt-action-analyze-vulnerability
abrt-action-analyze-xorg
abrt-action-check-oops-for-hw-error
abrt-action-generate-backtrace
abrt-action-generate-core-backtrace
abrt-action-install-debuginfo
abrt-action-list-dsos
abrt-action-notify
abrt-action-perform-ccpp-analysis
abrt-action-save-kernel-data
abrt-action-save-package-data
abrt-action-trim-files
abrt-applet
abrt-cli
abrt-dump-oops
abrt-dump-xorg
abrt-handle-upload
abrt-merge-pstoreoops
abrt-retrace-client
abrt-watch-log
abs2rel
ac
aconnect
addr2line
alias
alsabat
alsa-delay
alsaloop
alsamixer
alsatplg
alsaucm
alsaunmute
amidi
amixer
amuFormat.sh
anaconda-cleanup
anaconda-disable-nm-ibft-plugin
analog
animate
aplay
aplaymidi
applydeltarpm
appstream-compose
appstream-util
apropos
ar
arch
arecord
arecordmidi
aria2c
as
aseqdump
aseqnet
aserver
at
atq
atrm
attr
audit2allow
audit2why
aulast
aulastlog
ausyscall
auvirt
awk
baobab
base64
basename
bash
bashbug
bashbug-64
batch
bc
bccmd
bdftopcf
bdftruncate
bd_info
bdsplice
bg
blkiomon
blkparse
blkrawverify
blktrace
bluemoon
bluetoothctl
bluetooth-sendto
bno_plot.py
bond2team
bootctl
brltty
brltty-config
brltty-ctb
brltty-install
brltty-trtxt
brltty-ttb
btattach
btmon
btrace
btrecord
btreplay
btt
build-classpath
build-classpath-directory
build-jar-repository
bunzip2
busctl
bzcat
bzcmp
bzdiff
bzgrep
bzip2
bzip2recover
bzless
bzmore
c++
c2ph
c89
c99
cairo-sphinx
cal
ca-legacy
calibrate_ppa
canberra-boot
canberra-gtk-play
cancel
cancel.cups
captoinfo
caribou-preferences
cat
catchsegv
catman
cb_console_runner
cb_share_config
cc
cd
cd-create-profile
cdda-player
cddb_query
cd-drive
cd-fix-profile
cd-iccdump
cd-info
cd-it8
cd-paranoia
cd-read
cdrecord
celtdec051
celtenc051
centrino-decode
certmaster-getcert
certtool
certutil
c++filt
cgclassify
cgcreate
cgdelete
cgexec
cgget
cgset
cgsnapshot
chacl
chage
chardetect
charmap
chattr
chcat
chcon
check-binary-files
checkisomd5
checkmodule
checkpolicy
checksctp
cheese
chfn
chgrp
chmod
chown
chronyc
chrt
chsh
chvt
cifscreds
cifsdd
cifsiostat
ciptool
cksum
clean-binary-files
clear
clibrary
clibrary2
clpi_dump
cmp
cmsutil
code
codeblocks
codesnippets
col
colcrt
colormgr
colrm
column
combinedeltarpm
comm
command
compare
composite
compress
conjure
connection_recovery
consolehelper
container-storage-setup
convert
coredumpctl
coverage
coverage2
coverage-2.7
cp
cpio
cpp
cpupower
crash
create-jar-links
createrepo
crlutil
crontab
crywrap
csh
csplit
csslint-0.6
cups-calibrate
cupstestdsc
cupstestppd
curl
cut
cvlc
cvt
danetool
date
db_archive
db_checkpoint
db_deadlock
db_dump
db_dump185
db_hotbackup
dbilogstrip
dbiprof
dbiproxy
db_load
db_log_verify
db_printlog
db_recover
db_replicate
db_stat
db_tuner
db_upgrade
dbus-binding-tool
dbus-cleanup-sockets
dbus-daemon
dbus-launch
dbus-monitor
dbus-send
dbus-uuidgen
db_verify
dbwrap_tool
dc
dconf
dcraw
dd
deallocvt
debuginfo-install
desktop-file-edit
desktop-file-install
desktop-file-validate
detect_ppa
devdump
df
dgawk
dhcpclient
diff
diff3
diff-jars
diffpp
dig
dir
dircolors
dirname
display
dmesg
dnsdomainname
docker
docker-containerd
docker-containerd-ctr
docker-containerd-shim
dockerd
docker-init
docker-proxy
docker-runc
domainname
dracut
drill
du
dumpiso
dumpkeys
dvcont
dvd-ram-control
dvdrecord
dvd+rw-booktype
dvd+rw-format
dvd+rw-mediainfo
dvipdf
dwp
easy_install
easy_install-2.7
echo
ed
edid-decode
egrep
eject
elfedit
empathy
empathy-accounts
empathy-debugger
enchant
enchant-lsmod
enscript
env
envsubst
eog
eps2eps
eqn
escputil
espeak
eu-addr2line
eu-ar
eu-elfcmp
eu-elfcompress
eu-elflint
eu-findtextrel
eu-make-debug-archive
eu-nm
eu-objdump
eu-ranlib
eu-readelf
eu-size
eu-stack
eu-strings
eu-strip
eu-unstrip
evince
evince-previewer
evince-thumbnailer
ex
exempi
expand
expr
factor
fallocate
false
fc
fc-cache
fc-cat
fc-list
fc-match
fc-pattern
fc-query
fc-scan
fc-validate
festival
festival_client
festival_server
festival_server_control
fg
fgconsole
fgrep
file
file-roller
find
find2perl
find-jar
findmnt
find-repos-of-install
findsmb
fipscheck
fipshmac
firefox
firewall-cmd
firewall-config
firewall-offline-cmd
flatpak
flite
flite_time
flock
fmt
fold
font2c
fonttosfnt
FoxitReader
fprintd-delete
fprintd-enroll
fprintd-list
fprintd-verify
free
fribidi
fros
funzip
fusermount
fusermount-glusterfs
fvwm
fvwm2
fvwm-bug
FvwmCommand
fvwm-config
fvwm-convert-2.4
fvwm-convert-2.6
fvwm-menu-desktop
fvwm-menu-directory
fvwm-menu-headlines
fvwm-menu-xlock
fvwm-perllib
fvwm-root
fvwm-xdg-menu
g++
gapplication
gatttool
gawk
gcalccmd
gcc
gcc-ar
gcc-nm
gcc-ranlib
gcm-calibrate
gcm-import
gcm-inspect
gcm-picker
gcm-viewer
gconf-merge-tree
gconftool-2
gcore
gcov
gcr-viewer
gdb
gdb-add-index
gdbus
gdk-pixbuf-query-loaders-64
gdk-pixbuf-thumbnailer
gdmflexiserver
gdm-screenshot
gedit
gegl
gencat
genisoimage
genl-ctrl-list
geoiplookup
geoiplookup6
geoipupdate
geqn
getcert
getcifsacl
getconf
getent
getfacl
getfattr
getkeycodes
getopt
getopts
gettext
gettext.sh
ghostscript
gimp
gimp-2.8
gimp-console
gimp-console-2.8
gio
gio-querymodules-64
gjs
gjs-console
gkbd-keyboard-display
glib-compile-schemas
glxgears
glxinfo
glxinfo64
gmake
gneqn
gnome-abrt
gnome-boxes
gnome-calculator
gnome-character-map
gnome-clocks
gnome-contacts
gnome-control-center
gnome-dictionary
gnome-disk-image-mounter
gnome-disks
gnome-font-viewer
gnome-help
gnome-keyring
gnome-keyring-3
gnome-keyring-daemon
gnome-screenshot
gnome-session
gnome-session-custom-session
gnome-session-inhibit
gnome-session-properties
gnome-session-quit
gnome-session-selector
gnome-shell
gnome-shell-extension-prefs
gnome-shell-extension-tool
gnome-shell-perf-tool
gnome-software
gnome-system-log
gnome-system-monitor
gnome-terminal
gnome-text-editor
gnome-thumbnail-font
gnome-tweak-tool
gnome-weather
gnroff
gnutls-cli
gnutls-cli-debug
gnutls-serv
google-chrome
google-chrome-stable
gpasswd
gpg
gpg2
gpg-agent
gpgconf
gpg-connect-agent
gpg-error
gpgparsemail
gpgsplit
gpgv
gpgv2
gpg-zip
gpic
gpk-application
gpk-log
gpk-prefs
gpk-update-viewer
gprof
gr2fonttest
grep
grilo-test-ui-0.3
grl-inspect-0.3
grl-launch-0.3
groff
grops
grotty
groups
growisofs
grub2-editenv
grub2-file
grub2-fstest
grub2-glue-efi
grub2-kbdcomp
grub2-menulst2cfg
grub2-mkfont
grub2-mkimage
grub2-mklayout
grub2-mknetdir
grub2-mkpasswd-pbkdf2
grub2-mkrelpath
grub2-mkrescue
grub2-mkstandalone
grub2-render-label
grub2-script-check
grub2-syslinux2cfg
gs
gsbj
gsdj
gsdj500
gsettings
gsettings-data-convert
gsf-office-thumbnailer
gslj
gslp
gsnd
gsoelim
gsound-play
gstack
gst-feedback
gst-feedback-0.10
gst-inspect
gst-inspect-0.10
gst-inspect-1.0
gst-launch
gst-launch-0.10
gst-launch-1.0
gst-stats-1.0
gst-typefind
gst-typefind-0.10
gst-typefind-1.0
gst-xmlinspect
gst-xmlinspect-0.10
gst-xmllaunch
gst-xmllaunch-0.10
gtar
gtbl
gtf
gtk-launch
gtk-query-immodules-2.0-64
gtk-query-immodules-3.0-64
gtk-update-icon-cache
gtroff
gucharmap
gunzip
gupnp-dlna-info-2.0
gupnp-dlna-ls-profiles-2.0
gvfs-cat
gvfs-copy
gvfs-info
gvfs-less
gvfs-ls
gvfs-mime
gvfs-mkdir
gvfs-monitor-dir
gvfs-monitor-file
gvfs-mount
gvfs-move
gvfs-open
gvfs-rename
gvfs-rm
gvfs-save
gvfs-set-attribute
gvfs-trash
gvfs-tree
gzexe
gzip
h2ph
hangul
hciattach
hciconfig
hcidump
hcitool
hdmv_test
hdsploader
head
hesinfo
hex2hcd
hexdump
host
hostid
hostname
hostnamectl
hpcups-update-ppds
hpijs
htop
hunspell
i386
ibus
ibus-daemon
ibus-setup
ibus-table-createdb
iceauth
iconv
id
identify
idiag-socket-details
idn
iecset
igawk
ijsgutenprint.5.2
implantisomd5
import
imsettings-info
imsettings-list
imsettings-reload
imsettings-switch
index_dump
info
infocmp
infokey
infotocap
install
install-printerdriver
instperf
ionice
iostat
ipa
ipa-getcert
ipcalc
ipcmk
ipcrm
ipcs
iptables-xml
iptc
isdv4-serial-inputattach
isodebug
isodump
isoinfo
iso-info
iso-read
isosize
isovfy
itweb-settings.itweb
java
javaws
javaws.itweb
jjs
jobs
join
journalctl
json_reformat
json_verify
jvmjar
k5srvutil
kadmin
kbdinfo
kbd_mode
kbdrate
kdestroy
kdumpctl
kernel-install
keyctl
keytool
kill
killall
kinit
klist
kmod
koi8rxterm
kpasswd
ksflatten
ksshell
ksu
ksvalidator
ksverdiff
kswitch
ktutil
kvno
l2ping
l2test
last
lastb
lastcomm
lastlog
lchfn
lchsh
ld
ld.bfd
ldd
ld.gold
ldns-chaos
ldns-compare-zones
ldnsd
ldns-dane
ldns-dpa
ldns-gen-zone
ldns-key2ds
ldns-keyfetcher
ldns-keygen
ldns-mx
ldns-notify
ldns-nsec3-hash
ldns-read-zone
ldns-resolver
ldns-revoke
ldns-rrsig
ldns-signzone
ldns-test-edns
ldns-testns
ldns-update
ldns-verify-zone
ldns-version
ldns-walk
ldns-zcat
ldns-zsplit
less
lessecho
lesskey
lesspipe.sh
lexgrog
libbluray_test
libieee1284_test
libtar
libwacom-list-local-devices
libwmf-fontmap
link
linux32
linux64
linux-boot-prober
list_titles
liveinst
ln
loadkeys
loadunimap
locale
localectl
localedef
local-getcert
locate
logger
login
loginctl
logname
logview
look
lowntfs-3g
lp
lp.cups
lpoptions
lppasswd
lpq
lpq.cups
lpr
lpr.cups
lprm
lprm.cups
lprsetup.sh
lpstat
lpstat.cups
ls
lsattr
lsblk
lsb_release
lscgroup
lscpu
lsinitrd
lsipc
lslocks
lslogins
lsmcli
lsmd
lsns
lsscsi
lssubsys
lsusb
lsusb.py
lua
luac
lz
lzop
m17n-conv
m4
machinectl
mail
Mail
mailq
mailq.postfix
mailx
make
makedb
makedeltarpm
man
mandb
manpath
mapscrn
map_unit
mattrib
mbadblocks
mbimcli
mbim-network
mcat
mcd
mcheck
mclasserase
mcomp
mcookie
mcopy
mc-tool
mc-wait-for-name
md5sum
mdel
mdeltree
mdir
mdu
mergerepo
mesg
metacity
metacity-message
mformat
mimeopen
mimetype
minfo
mixartloader
mkafmmap
mkdir
mkfifo
mkfontdir
mkfontscale
mkhybrid
mkinitrd
mkisofs
mkmanifest
mknod
mkrfc2734
mktemp
mlabel
mmcli
mmc-tool
mmd
mmount
mmove
mobj_dump
modifyrepo
modutil
mogrify
mokutil
montage
more
mount
mountpoint
mousetweaks
mpartition
mpls_dump
mpris-proxy
mpstat
mrd
mren
msgattrib
msgcat
msgcmp
msgcomm
msgconv
msgen
msgexec
msgfilter
msgfmt
msggrep
msghack
msginit
msgmerge
msgunfmt
msguniq
mshortname
mshowfat
mtools
mtoolstest
mtype
mutter
mv
mvxattr
mxtar
myecho
mzip
nail
namei
nano
nautilus
nautilus-autorun-software
nautilus-desktop
nautilus-sendto
nc
ncat
ndptool
needs-restarting
nenscript
neqn
netaddr
netstat
nettle-hash
nettle-lfib-stream
newaliases
newaliases.postfix
newgrp
nf-ct-add
nf-ct-list
nf-exp-add
nf-exp-delete
nf-exp-list
nf-log
nf-monitor
nf-queue
nfs4_editfacl
nfs4_getfacl
nfs4_setfacl
nfsiostat-sysstat
ngettext
nice
nisdomainname
nl
nl-addr-add
nl-addr-delete
nl-addr-list
nl-class-add
nl-class-delete
nl-classid-lookup
nl-class-list
nl-cls-add
nl-cls-delete
nl-cls-list
nl-fib-lookup
nl-link-enslave
nl-link-ifindex2name
nl-link-list
nl-link-name2ifindex
nl-link-release
nl-link-set
nl-link-stats
nl-list-caches
nl-list-sockets
nl-monitor
nl-neigh-add
nl-neigh-delete
nl-neigh-list
nl-neightbl-list
nl-pktloc-lookup
nl-qdisc-add
nl-qdisc-delete
nl-qdisc-list
nl-route-add
nl-route-delete
nl-route-get
nl-route-list
nl-rule-list
nl-tctree-list
nl-util-addr
nm
nmblookup
nmcli
nm-connection-editor
nm-online
nmtui
nmtui-connect
nmtui-edit
nmtui-hostname
nohup
notify-send
nproc
nroff
nsenter
nslookup
nsupdate
ntfs-3g
ntfs-3g.probe
ntfsmount
ntpstat
numad
numfmt
nvlc
objcopy
objdump
ocsptool
od
oddjob_request
oldfind
oLschema2ldif
on_ac_power
open
openssl
openvt
orbd
orca
orc-bugreport
osinfo-db-export
osinfo-db-import
osinfo-db-path
osinfo-db-validate
osinfo-detect
osinfo-install-script
osinfo-query
os-prober
over
p11-kit
p11tool
pacat
pack200
package-cleanup
pacmd
pactl
padsp
padsp-32
pamon
panelctl
pango-view
paplay
paps
parec
parecord
passwd
paste
pasuspender
patch
pathchk
pax
pax11publish
pbm2ppa
pbmtpg
pchrt
pdf2dsc
pdf2ps
pdfdetach
pdffonts
pdfimages
pdfinfo
pdfseparate
pdftocairo
pdftohtml
pdftoppm
pdftops
pdftotext
pdfunite
peekfd
perl
perl5.16.3
perlbug
perldoc
perlthanks
pf2afm
pfbtopfa
pflags
pgawk
pgrep
pic
piconv
pidstat
pinentry
pinentry-curses
pinentry-gtk
pinentry-gtk-2
pinfo
ping
ping6
pinky
pitchplay
pk12util
pkaction
pkcheck
pkcon
pkcs1-conv
pkexec
pkg-config
pkill
pkla-admin-identities
pkla-check-authorization
pkmon
pkttyagent
pl2pm
play
pldd
plistutil
plymouth
pmap
pm-is-supported
pnm2ppa
pod2html
pod2man
pod2text
pod2usage
policyeditor.itweb
policytool
post-grohtml
powernow-k8-decode
ppdc
ppdhtml
ppdi
ppdmerge
ppdpo
pphs
pr
preconv
pre-grohtml
printafm
printenv
printf
prlimit
prtstat
ps
ps2ascii
ps2epsi
ps2pdf
ps2pdf12
ps2pdf13
ps2pdf14
ps2pdfwr
ps2ps
ps2ps2
psed
psfaddtable
psfgettable
psfstriptable
psfxtable
psktool
pstack
pstree
pstree.x11
pstruct
ptaskset
ptx
pulseaudio
purple-client-example
purple-remote
purple-send
purple-send-async
purple-url-handler
pwd
pwdx
pwmake
pwscore
pydoc
pygtk-demo
pyinotify
python
python2
python2.7
qdbus
qemu-ga
qemu-img
qemu-io
qemu-nbd
qmicli
qmi-network
quota
quotasync
qvlc
radattr
radclient
rad_counter
radcrypt
radeapclient
radlast
radsniff
radsqlrelay
radtest
radwho
radzap
ranlib
raw
rb
rctest
rdate
read
readcd
readelf
readlink
readmult
readom
realpath
rebuild-jar-repository
rec
recode-sr-latin
red
redhat_lsb_init
regdiff
regpatch
regshell
regtree
remote-viewer
rename
renice
repoclosure
repodiff
repo-graph
repomanage
repoquery
repo-rss
report-cli
reporter-bugzilla
reporter-mailx
reporter-mantisbt
reporter-rhtsupport
reporter-upload
reporter-ureport
report-gtk
reposync
repotrack
reset
resize
resizecons
rev
rfcomm
rhino
rlm_ippool_tool
rm
rmail
rmail.postfix
rmdir
rmid
rmiregistry
rnano
rngtest
rpcclient
rpcgen
rpm
rpm2cpio
rpmdb
rpmdumpheader
rpmkeys
rpmquery
rpmverify
rsync
rsyslog-recover-qi.pl
runcon
run-parts
rvi
rview
rvim
rvlc
rx
rxe_cfg
rz
s2p
sadf
samba-regedit
sandbox
sane-find-scanner
sar
satyr
saytime
sb
sbcdec
sbcenc
sbcinfo
scanimage
scl
scl_enabled
scl_source
scp
scp-dbus-service
script
scriptreplay
sctp_darn
sctp_status
sctp_test
sdiff
sdp_long_message
sdp_run_test
sdptool
seahorse
sealert
seapplet
secon
secret-tool
sed
sedismod
sedispol
selfsign-getcert
semodule_package
sendiso
seq
servertool
sessreg
setarch
setcifsacl
setfacl
setfattr
setfont
setkeycodes
setleds
setmetamode
setpriv
setserial
setsid
setterm
setup
setup-nsssysinit
setup-nsssysinit.sh
setvtrgb
setxkbmap
sexp-conv
sftp
sg
sh
sha1sum
sha224sum
sha256sum
sha384sum
sha512sum
sharesec
show-changed-rco
showconsolefont
showimage
show-installed
showkey
showrgb
shred
shuf
signtool
signver
simc_lsmplugin
sim_lsmplugin
size
skill
slabtop
sleep
sliceprint
slogin
smbcacls
smbclient
smbcquotas
smbencrypt
smbget
smbprint
smbspool
smbtar
smbtree
sndfile-resample
snice
soelim
sort
sotruss
sound_dump
soundstretch
sox
soxi
spax
spd-conf
spd-say
spdsend
speaker-test
speech-dispatcher
spice-vdagent
splain
split
sprof
sqlite3
ssh
ssh-add
ssh-agent
ssh-copy-id
ssh-keygen
ssh-keyscan
ssltap
sss_ssh_authorizedkeys
sss_ssh_knownhostsproxy
stapdyn
stap-merge
stap-report
staprun
stapsh
start-pulseaudio-x11
startx
stat
states
stdbuf
strace
strace-log-merge
stream
strings
strip
stty
stunbdc
stund
su
subl
sublime
sudo
sudoedit
sudoreplay
sum
sushi
svlc
sx
sync
synclient
syndaemon
system-config-abrt
system-config-printer
system-config-printer-applet
systemctl
systemd-analyze
systemd-ask-password
systemd-cat
systemd-cgls
systemd-cgtop
systemd-coredumpctl
systemd-delta
systemd-detect-virt
systemd-escape
systemd-firstboot
systemd-hwdb
systemd-inhibit
systemd-loginctl
systemd-machine-id-setup
systemd-notify
systemd-nspawn
systemd-path
systemd-run
systemd-stdio-bridge
systemd-sysv-convert
systemd-tmpfiles
systemd-tty-ask-password-agent
sz
tabs
tac
tail
tailf
tapestat
tar
targetcli
targetctl
taskset
tbl
tcptraceroute
tcsh
teamd
teamdctl
teamnl
tee
telepathy-gabble-xmpp-console
test
testgdbm
testlibraw
test_ppa
text2wave
tgz
tic
time
timedatectl
timeout
tload
tmon
tnameserv
toe
top
totem
totem-audio-preview
totem-video-thumbnailer
touch
tpmtool
tput
tr
tracepath
tracepath6
traceroute
traceroute6
tracker
troff
true
truncate
trust
tset
tsort
ttmkfdir
tty
turbostat
tzselect
ucs2any
udevadm
udisksctl
ul
ulockmgr_server
umask
umount
unalias
uname
uncompress
unexpand
unicode_start
unicode_stop
uniq
unix-lpr.sh
unlink
unpack200
unshare
unxz
unzip
unzipsfx
update-ca-trust
updatedb
update-desktop-database
update-gtk-immodules
update-mime-database
upower
uptime
urlgrabber
usb-devices
usbhid-dump
users
usleep
usx2yloader
utmpdump
uuidgen
uxterm
uz
vdir
verify_blkparse
verifytree
VGAuthService
vi
view
vim
vimdiff
vimtutor
vinagre
virsh
virt-clone
virt-host-validate
virt-install
virt-manager
virt-pki-validate
virt-viewer
virt-xml
virt-xml-validate
vlc
vlc-wrapper
vlock
vmhgfs-fuse
vmmouse_detect
vmstat
vm-support
vmtoolsd
vmware-checkvm
vmware-guestproxycerttool
vmware-hgfsclient
vmware-namespace-cmd
vmware-rpctool
vmware-toolbox-cmd
vmware-user-suid-wrapper
vmware-vgauth-cmd
vmware-vmblock-fuse
vmware-xferlogs
vncconfig
vncpasswd
vncserver
vstp
vxloader
w
wait
wall
watch
watchgnupg
wavpack
wc
wdctl
wftopfa
wget
whatis
whereis
which
whiptail
who
whoami
withsctp
wmctrl
wmf2eps
wmf2fig
wmf2gd
wmf2svg
wmf2x
wnck-urgency-monitor
wodim
write
wvdial
wvdialconf
wvgain
wvunpack
X
x0vncserver
x86_64
x86_64-redhat-linux-c++
x86_64-redhat-linux-g++
x86_64-redhat-linux-gcc
x86_energy_perf_policy
xargs
xauth
xbrlapi
xdg-desktop-icon
xdg-desktop-menu
xdg-email
xdg-icon-resource
xdg-mime
xdg-open
xdg-screensaver
xdg-settings
xdg-user-dir
xdg-user-dirs-gtk-update
xdg-user-dirs-update
xdpyinfo
xdriinfo
xev
xgamma
xgettext
xhost
xinit
xinput
xkbcomp
xkill
xlock
xlsatoms
xlsclients
xlsfonts
xmlcatalog
xmllint
xmlsec1
xmlwf
xmodmap
xmvn-builddep
Xorg
xorg-x11-fonts-update-dirs
xpmroot
xprop
xrandr
xrdb
xrefresh
xset
xsetmode
xsetpointer
xsetroot
xsetwacom
xsltproc
xstdcmap
xterm
xvattr
xvinfo
Xvnc
xwininfo
xxd
xz
xzcat
xzcmp
xzdec
xzdiff
xzegrep
xzfgrep
xzgrep
xzless
xzmore
yelp
yes
ypdomainname
yum
yum-builddep
yum-config-manager
yum-debug-dump
yum-debug-restore
yumdownloader
yum-groups-manager
zcat
zcmp
zdiff
zegrep
zenheiset
zenity
zfgrep
zforce
zgrep
zip
zipcloak
zipdetails
zipgrep
zipinfo
zipnote
zipsplit
zless
zmore
znew
zsoelim
zvbi-atsc-cc
zvbi-chains
zvbi-ntsc-cc
